<?xml version="1.0" encoding="UTF-8"?>
<!-- Generated by org.testng.reporters.JUnitXMLReporter -->
<testsuite hostname="SAKEMPEG-1RZZD" ignored="0" name="Contacts_Test" tests="5" failures="0" timestamp="2020-02-17T17:07:11 IST" time="0.152" errors="0">
  <testcase name="initiateChat" time="0.012" classname="com.testNG.ChatAdaptor"/>
  <testcase name="wrapUpChat" time="0.005" classname="com.testNG.ChatAdaptor"/>
  <testcase name="poolErrorFolder" time="0.001" classname="com.testNG.EmailAdaptor"/>
  <testcase name="poolInbox" time="0.003" classname="com.testNG.EmailAdaptor"/>
  <testcase name="updatepoolingStatus" time="0.006" classname="com.testNG.EmailAdaptor"/>
</testsuite> <!-- Contacts_Test -->
