<?xml version="1.0" encoding="UTF-8"?>
<testng-results skipped="0" failed="0" ignored="0" total="0" passed="0">
  <reporter-output>
  </reporter-output>
  <suite name="com.restassured.RestAssured.AppTest" duration-ms="16" started-at="2020-02-22T02:01:59 IST" finished-at="2020-02-22T02:01:59 IST">
    <groups>
    </groups>
    <test name="Command line test" duration-ms="16" started-at="2020-02-22T02:01:59 IST" finished-at="2020-02-22T02:01:59 IST">
    </test> <!-- Command line test -->
  </suite> <!-- com.restassured.RestAssured.AppTest -->
</testng-results>
