<?xml version="1.0" encoding="UTF-8"?>
<!-- Generated by org.testng.reporters.JUnitXMLReporter -->
<testsuite hostname="SAKEMPEG-1RZZD" ignored="0" name="Default test" tests="4" failures="0" timestamp="2020-02-17T17:10:28 IST" time="0.132" errors="0">
  <testcase name="checkGateWay" time="0.009" classname="com.testNG.MccgDemo"/>
  <testcase name="checkQueue" time="0.002" classname="com.testNG.MccgDemo"/>
  <testcase name="call" time="0.004" classname="com.testNG.MccgDemo"/>
  <testcase name="ruote" time="0.002" classname="com.testNG.MccgDemo"/>
</testsuite> <!-- Default test -->
