<?xml version="1.0" encoding="UTF-8"?>
<!-- Generated by org.testng.reporters.JUnitXMLReporter -->
<testsuite hostname="SAKEMPEG-1RZZD" ignored="6" name="mccg_Test" tests="1" failures="0" timestamp="2020-02-17T17:04:49 IST" time="0.089" errors="0">
  <testcase name="ruote" time="0.012" classname="com.testNG.MccgDemo"/>
  <testcase name="poolInbox" time="0.0" classname="com.testNG.EmailAdaptor">
    <ignored/>
  </testcase> <!-- poolInbox -->
  <testcase name="wrapUpChat" time="0.0" classname="com.testNG.ChatAdaptor">
    <ignored/>
  </testcase> <!-- wrapUpChat -->
  <testcase name="initiateChat" time="0.0" classname="com.testNG.ChatAdaptor">
    <ignored/>
  </testcase> <!-- initiateChat -->
  <testcase name="updatepoolingStatus" time="0.0" classname="com.testNG.EmailAdaptor">
    <ignored/>
  </testcase> <!-- updatepoolingStatus -->
  <testcase name="call" time="0.0" classname="com.testNG.MccgDemo">
    <ignored/>
  </testcase> <!-- call -->
  <testcase name="poolErrorFolder" time="0.0" classname="com.testNG.EmailAdaptor">
    <ignored/>
  </testcase> <!-- poolErrorFolder -->
</testsuite> <!-- mccg_Test -->
